2026-04-16 13:48:55,073 kilosort.run_kilosort INFO      
2026-04-16 13:48:55,073 kilosort.run_kilosort INFO     Computing preprocessing variables.
2026-04-16 13:48:55,073 kilosort.run_kilosort INFO     ----------------------------------------
2026-04-16 13:48:55,074 kilosort.run_kilosort INFO     N samples: 75000
2026-04-16 13:48:55,074 kilosort.run_kilosort INFO     N seconds: 2.5
2026-04-16 13:48:55,074 kilosort.run_kilosort INFO     N batches: 2
2026-04-16 13:48:55,377 kilosort.run_kilosort INFO     Preprocessing filters computed in 0.30s; total 0.30s
2026-04-16 13:48:55,377 kilosort.run_kilosort DEBUG    hp_filter shape: torch.Size([30122])
2026-04-16 13:48:55,377 kilosort.run_kilosort DEBUG    whiten_mat shape: torch.Size([384, 384])
2026-04-16 13:48:55,532 kilosort.run_kilosort DEBUG    First batch min, max: (np.float32(-458.6556), np.float32(480.1634))
2026-04-16 13:48:55,533 kilosort.run_kilosort INFO      
2026-04-16 13:48:55,533 kilosort.run_kilosort INFO     Resource usage after preprocessing
2026-04-16 13:48:55,533 kilosort.run_kilosort INFO     ********************************************************
2026-04-16 13:48:55,533 kilosort.run_kilosort INFO     CPU usage:    77.10 %
2026-04-16 13:48:55,533 kilosort.run_kilosort INFO     Mem used:     41.20 %     |      26.27 GB
2026-04-16 13:48:55,533 kilosort.run_kilosort INFO     Mem avail:    37.46 / 63.73 GB
2026-04-16 13:48:55,533 kilosort.run_kilosort INFO     ------------------------------------------------------
2026-04-16 13:48:55,533 kilosort.run_kilosort INFO     GPU usage:    N/A
2026-04-16 13:48:55,533 kilosort.run_kilosort INFO     GPU memory:   N/A
2026-04-16 13:48:55,533 kilosort.run_kilosort INFO     ********************************************************
2026-04-16 13:48:55,536 kilosort.run_kilosort INFO      
2026-04-16 13:48:55,536 kilosort.run_kilosort INFO     Computing drift correction.
2026-04-16 13:48:55,536 kilosort.run_kilosort INFO     ----------------------------------------
2026-04-16 13:48:55,537 kilosort.spikedetect INFO     Re-computing universal templates from data.
2026-04-16 13:49:02,178 kilosort.spikedetect INFO     Number of universal templates: 1146
2026-04-16 13:49:02,311 kilosort.spikedetect INFO     Detecting spikes...
2026-04-16 13:49:02,314 kilosort.spikedetect DEBUG     
2026-04-16 13:49:02,314 kilosort.spikedetect DEBUG    Batch 0 of 1 (0.0%)
2026-04-16 13:49:02,314 kilosort.spikedetect DEBUG    ********************************************************
2026-04-16 13:49:02,314 kilosort.spikedetect DEBUG    CPU usage:    20.90 %
2026-04-16 13:49:02,314 kilosort.spikedetect DEBUG    Mem used:     40.90 %     |      26.09 GB
2026-04-16 13:49:02,314 kilosort.spikedetect DEBUG    Mem avail:    37.63 / 63.73 GB
2026-04-16 13:49:02,314 kilosort.spikedetect DEBUG    ------------------------------------------------------
2026-04-16 13:49:02,314 kilosort.spikedetect DEBUG    GPU usage:    N/A
2026-04-16 13:49:02,314 kilosort.spikedetect DEBUG    GPU memory:   N/A
2026-04-16 13:49:02,314 kilosort.spikedetect DEBUG    ********************************************************
2026-04-16 13:49:12,970 kilosort.spikedetect DEBUG     
2026-04-16 13:49:12,970 kilosort.spikedetect DEBUG    Batch 1 of 1 (50.0%)
2026-04-16 13:49:12,970 kilosort.spikedetect DEBUG    ********************************************************
2026-04-16 13:49:12,970 kilosort.spikedetect DEBUG    CPU usage:    72.70 %
2026-04-16 13:49:12,971 kilosort.spikedetect DEBUG    Mem used:     46.00 %     |      29.33 GB
2026-04-16 13:49:12,971 kilosort.spikedetect DEBUG    Mem avail:    34.39 / 63.73 GB
2026-04-16 13:49:12,971 kilosort.spikedetect DEBUG    ------------------------------------------------------
2026-04-16 13:49:12,971 kilosort.spikedetect DEBUG    GPU usage:    N/A
2026-04-16 13:49:12,971 kilosort.spikedetect DEBUG    GPU memory:   N/A
2026-04-16 13:49:12,971 kilosort.spikedetect DEBUG    ********************************************************
2026-04-16 13:49:13,046 kilosort.run_kilosort INFO     drift computed in 17.51s; total 17.97s
2026-04-16 13:49:13,046 kilosort.run_kilosort DEBUG    st shape: (5072, 6)
2026-04-16 13:49:13,046 kilosort.run_kilosort DEBUG    yblk shape: (1,)
2026-04-16 13:49:13,046 kilosort.run_kilosort DEBUG    dshift shape: (2, 1)
2026-04-16 13:49:13,046 kilosort.run_kilosort DEBUG    iKxx shape: torch.Size([384, 384])
2026-04-16 13:49:13,047 kilosort.run_kilosort INFO      
2026-04-16 13:49:13,047 kilosort.run_kilosort INFO     Resource usage after drift correction
2026-04-16 13:49:13,047 kilosort.run_kilosort INFO     ********************************************************
2026-04-16 13:49:13,047 kilosort.run_kilosort INFO     CPU usage:     0.00 %
2026-04-16 13:49:13,047 kilosort.run_kilosort INFO     Mem used:     46.00 %     |      29.32 GB
2026-04-16 13:49:13,047 kilosort.run_kilosort INFO     Mem avail:    34.41 / 63.73 GB
2026-04-16 13:49:13,047 kilosort.run_kilosort INFO     ------------------------------------------------------
2026-04-16 13:49:13,047 kilosort.run_kilosort INFO     GPU usage:    N/A
2026-04-16 13:49:13,047 kilosort.run_kilosort INFO     GPU memory:   N/A
2026-04-16 13:49:13,047 kilosort.run_kilosort INFO     ********************************************************
2026-04-16 13:49:13,845 kilosort.run_kilosort INFO      
2026-04-16 13:49:13,845 kilosort.run_kilosort INFO     Extracting spikes using templates
2026-04-16 13:49:13,846 kilosort.run_kilosort INFO     ----------------------------------------
2026-04-16 13:49:13,846 kilosort.spikedetect INFO     Re-computing universal templates from data.
2026-04-16 13:49:20,784 kilosort.spikedetect INFO     Number of universal templates: 1146
2026-04-16 13:49:20,904 kilosort.spikedetect INFO     Detecting spikes...
2026-04-16 13:49:20,906 kilosort.spikedetect DEBUG     
2026-04-16 13:49:20,906 kilosort.spikedetect DEBUG    Batch 0 of 1 (0.0%)
2026-04-16 13:49:20,906 kilosort.spikedetect DEBUG    ********************************************************
2026-04-16 13:49:20,906 kilosort.spikedetect DEBUG    CPU usage:    22.80 %
2026-04-16 13:49:20,906 kilosort.spikedetect DEBUG    Mem used:     46.40 %     |      29.55 GB
2026-04-16 13:49:20,906 kilosort.spikedetect DEBUG    Mem avail:    34.18 / 63.73 GB
2026-04-16 13:49:20,906 kilosort.spikedetect DEBUG    ------------------------------------------------------
2026-04-16 13:49:20,906 kilosort.spikedetect DEBUG    GPU usage:    N/A
2026-04-16 13:49:20,906 kilosort.spikedetect DEBUG    GPU memory:   N/A
2026-04-16 13:49:20,906 kilosort.spikedetect DEBUG    ********************************************************
2026-04-16 13:49:32,376 kilosort.spikedetect DEBUG     
2026-04-16 13:49:32,376 kilosort.spikedetect DEBUG    Batch 1 of 1 (50.0%)
2026-04-16 13:49:32,376 kilosort.spikedetect DEBUG    ********************************************************
2026-04-16 13:49:32,376 kilosort.spikedetect DEBUG    CPU usage:    70.80 %
2026-04-16 13:49:32,376 kilosort.spikedetect DEBUG    Mem used:     46.40 %     |      29.56 GB
2026-04-16 13:49:32,376 kilosort.spikedetect DEBUG    Mem avail:    34.17 / 63.73 GB
2026-04-16 13:49:32,376 kilosort.spikedetect DEBUG    ------------------------------------------------------
2026-04-16 13:49:32,376 kilosort.spikedetect DEBUG    GPU usage:    N/A
2026-04-16 13:49:32,376 kilosort.spikedetect DEBUG    GPU memory:   N/A
2026-04-16 13:49:32,376 kilosort.spikedetect DEBUG    ********************************************************
2026-04-16 13:49:32,378 kilosort.run_kilosort INFO     4025 spikes extracted in 18.53s; total 37.30s
2026-04-16 13:49:32,378 kilosort.run_kilosort DEBUG    st0 shape: (4025, 6)
2026-04-16 13:49:32,378 kilosort.run_kilosort DEBUG    tF shape: torch.Size([4025, 10, 6])
2026-04-16 13:49:32,379 kilosort.run_kilosort INFO      
2026-04-16 13:49:32,379 kilosort.run_kilosort INFO     Resource usage after spike detect (univ)
2026-04-16 13:49:32,379 kilosort.run_kilosort INFO     ********************************************************
2026-04-16 13:49:32,379 kilosort.run_kilosort INFO     CPU usage:     0.00 %
2026-04-16 13:49:32,379 kilosort.run_kilosort INFO     Mem used:     46.30 %     |      29.54 GB
2026-04-16 13:49:32,379 kilosort.run_kilosort INFO     Mem avail:    34.19 / 63.73 GB
2026-04-16 13:49:32,379 kilosort.run_kilosort INFO     ------------------------------------------------------
2026-04-16 13:49:32,379 kilosort.run_kilosort INFO     GPU usage:    N/A
2026-04-16 13:49:32,379 kilosort.run_kilosort INFO     GPU memory:   N/A
2026-04-16 13:49:32,379 kilosort.run_kilosort INFO     ********************************************************
2026-04-16 13:49:32,379 kilosort.run_kilosort DEBUG    
2026-04-16 13:49:32,379 kilosort.run_kilosort DEBUG    --------------------
2026-04-16 13:49:32,379 kilosort.run_kilosort DEBUG    Process thread count: N/A (linux only)
2026-04-16 13:49:32,379 kilosort.run_kilosort DEBUG    num torch threads: 16
2026-04-16 13:49:32,379 kilosort.run_kilosort DEBUG    --------------------

2026-04-16 13:49:32,379 kilosort.run_kilosort INFO      
2026-04-16 13:49:32,379 kilosort.run_kilosort INFO     First clustering
2026-04-16 13:49:32,379 kilosort.run_kilosort INFO     ----------------------------------------
2026-04-16 13:49:32,385 kilosort.clustering_qr DEBUG    Center 0 | Xd shape: torch.Size([36, 60]) | ntemp: 12
2026-04-16 13:49:32,386 kilosort.clustering_qr DEBUG    Center 1 | Xd shape: torch.Size([17, 84]) | ntemp: 12
2026-04-16 13:49:32,387 kilosort.clustering_qr DEBUG    Center 2 | Xd shape: torch.Size([6, 84]) | ntemp: 12
2026-04-16 13:49:32,387 kilosort.clustering_qr DEBUG    Center 3 | Xd shape: torch.Size([17, 84]) | ntemp: 12
2026-04-16 13:49:32,388 kilosort.clustering_qr DEBUG    Center 4 | Xd shape: torch.Size([16, 84]) | ntemp: 12
2026-04-16 13:49:32,388 kilosort.clustering_qr DEBUG    Center 5 | Xd shape: torch.Size([13, 84]) | ntemp: 12
2026-04-16 13:49:32,389 kilosort.clustering_qr DEBUG    Center 6 | Xd shape: torch.Size([18, 84]) | ntemp: 12
2026-04-16 13:49:32,390 kilosort.clustering_qr DEBUG    Center 7 | Xd shape: torch.Size([33, 84]) | ntemp: 12
2026-04-16 13:49:32,390 kilosort.clustering_qr DEBUG    Center 8 | Xd shape: torch.Size([154, 84]) | ntemp: 12
2026-04-16 13:49:32,391 kilosort.clustering_qr DEBUG     
2026-04-16 13:49:32,391 kilosort.clustering_qr DEBUG    Cluster center: 9 (10/96)
2026-04-16 13:49:32,391 kilosort.clustering_qr DEBUG    ********************************************************
2026-04-16 13:49:32,391 kilosort.clustering_qr DEBUG    CPU usage:     0.00 %
2026-04-16 13:49:32,391 kilosort.clustering_qr DEBUG    Mem used:     46.30 %     |      29.54 GB
2026-04-16 13:49:32,391 kilosort.clustering_qr DEBUG    Mem avail:    34.19 / 63.73 GB
2026-04-16 13:49:32,392 kilosort.clustering_qr DEBUG    ------------------------------------------------------
2026-04-16 13:49:32,392 kilosort.clustering_qr DEBUG    GPU usage:    N/A
2026-04-16 13:49:32,392 kilosort.clustering_qr DEBUG    GPU memory:   N/A
2026-04-16 13:49:32,392 kilosort.clustering_qr DEBUG    ********************************************************
2026-04-16 13:49:32,393 kilosort.clustering_qr DEBUG    Center 9 | Xd shape: torch.Size([24, 84]) | ntemp: 12
2026-04-16 13:49:32,393 kilosort.clustering_qr DEBUG    Center 10 | Xd shape: torch.Size([18, 84]) | ntemp: 12
2026-04-16 13:49:32,394 kilosort.clustering_qr DEBUG    Center 11 | Xd shape: torch.Size([52, 84]) | ntemp: 12
2026-04-16 13:49:32,395 kilosort.clustering_qr DEBUG    Center 12 | Xd shape: torch.Size([23, 84]) | ntemp: 12
2026-04-16 13:49:32,395 kilosort.clustering_qr DEBUG    Center 13 | Xd shape: torch.Size([18, 84]) | ntemp: 12
2026-04-16 13:49:32,396 kilosort.clustering_qr DEBUG    Center 14 | Xd shape: torch.Size([40, 84]) | ntemp: 12
2026-04-16 13:49:32,396 kilosort.clustering_qr DEBUG    Center 15 | Xd shape: torch.Size([23, 84]) | ntemp: 12
2026-04-16 13:49:32,397 kilosort.clustering_qr DEBUG    Center 16 | Xd shape: torch.Size([36, 84]) | ntemp: 12
2026-04-16 13:49:32,398 kilosort.clustering_qr DEBUG    Center 17 | Xd shape: torch.Size([25, 84]) | ntemp: 12
2026-04-16 13:49:32,398 kilosort.clustering_qr DEBUG    Center 18 | Xd shape: torch.Size([24, 84]) | ntemp: 12
2026-04-16 13:49:32,399 kilosort.clustering_qr DEBUG     
2026-04-16 13:49:32,399 kilosort.clustering_qr DEBUG    Cluster center: 19 (20/96)
2026-04-16 13:49:32,399 kilosort.clustering_qr DEBUG    ********************************************************
2026-04-16 13:49:32,399 kilosort.clustering_qr DEBUG    CPU usage:    72.70 %
2026-04-16 13:49:32,399 kilosort.clustering_qr DEBUG    Mem used:     46.30 %     |      29.54 GB
2026-04-16 13:49:32,399 kilosort.clustering_qr DEBUG    Mem avail:    34.19 / 63.73 GB
2026-04-16 13:49:32,399 kilosort.clustering_qr DEBUG    ------------------------------------------------------
2026-04-16 13:49:32,399 kilosort.clustering_qr DEBUG    GPU usage:    N/A
2026-04-16 13:49:32,399 kilosort.clustering_qr DEBUG    GPU memory:   N/A
2026-04-16 13:49:32,400 kilosort.clustering_qr DEBUG    ********************************************************
2026-04-16 13:49:32,401 kilosort.clustering_qr DEBUG    Center 19 | Xd shape: torch.Size([21, 84]) | ntemp: 12
2026-04-16 13:49:32,401 kilosort.clustering_qr DEBUG    Center 20 | Xd shape: torch.Size([62, 84]) | ntemp: 12
2026-04-16 13:49:32,402 kilosort.clustering_qr DEBUG    Center 21 | Xd shape: torch.Size([22, 84]) | ntemp: 12
2026-04-16 13:49:32,403 kilosort.clustering_qr DEBUG    Center 22 | Xd shape: torch.Size([24, 84]) | ntemp: 12
2026-04-16 13:49:32,403 kilosort.clustering_qr DEBUG    Center 23 | Xd shape: torch.Size([51, 84]) | ntemp: 12
2026-04-16 13:49:32,404 kilosort.clustering_qr DEBUG    Center 24 | Xd shape: torch.Size([32, 84]) | ntemp: 12
2026-04-16 13:49:32,405 kilosort.clustering_qr DEBUG    Center 25 | Xd shape: torch.Size([36, 84]) | ntemp: 12
2026-04-16 13:49:32,405 kilosort.clustering_qr DEBUG    Center 26 | Xd shape: torch.Size([21, 84]) | ntemp: 12
2026-04-16 13:49:32,406 kilosort.clustering_qr DEBUG    Center 27 | Xd shape: torch.Size([23, 84]) | ntemp: 12
2026-04-16 13:49:32,407 kilosort.clustering_qr DEBUG    Center 28 | Xd shape: torch.Size([36, 84]) | ntemp: 12
2026-04-16 13:49:32,408 kilosort.clustering_qr DEBUG     
2026-04-16 13:49:32,408 kilosort.clustering_qr DEBUG    Cluster center: 29 (30/96)
2026-04-16 13:49:32,408 kilosort.clustering_qr DEBUG    ********************************************************
2026-04-16 13:49:32,408 kilosort.clustering_qr DEBUG    CPU usage:     0.00 %
2026-04-16 13:49:32,408 kilosort.clustering_qr DEBUG    Mem used:     46.30 %     |      29.53 GB
2026-04-16 13:49:32,408 kilosort.clustering_qr DEBUG    Mem avail:    34.19 / 63.73 GB
2026-04-16 13:49:32,408 kilosort.clustering_qr DEBUG    ------------------------------------------------------
2026-04-16 13:49:32,408 kilosort.clustering_qr DEBUG    GPU usage:    N/A
2026-04-16 13:49:32,408 kilosort.clustering_qr DEBUG    GPU memory:   N/A
2026-04-16 13:49:32,408 kilosort.clustering_qr DEBUG    ********************************************************
2026-04-16 13:49:32,409 kilosort.clustering_qr DEBUG    Center 29 | Xd shape: torch.Size([46, 84]) | ntemp: 12
2026-04-16 13:49:32,410 kilosort.clustering_qr DEBUG    Center 30 | Xd shape: torch.Size([30, 84]) | ntemp: 12
2026-04-16 13:49:32,411 kilosort.clustering_qr DEBUG    Center 31 | Xd shape: torch.Size([46, 84]) | ntemp: 12
2026-04-16 13:49:32,411 kilosort.clustering_qr DEBUG    Center 32 | Xd shape: torch.Size([23, 84]) | ntemp: 12
2026-04-16 13:49:32,412 kilosort.clustering_qr DEBUG    Center 33 | Xd shape: torch.Size([47, 84]) | ntemp: 12
2026-04-16 13:49:32,412 kilosort.clustering_qr DEBUG    Center 34 | Xd shape: torch.Size([134, 84]) | ntemp: 12
2026-04-16 13:49:32,413 kilosort.clustering_qr DEBUG    Center 35 | Xd shape: torch.Size([122, 84]) | ntemp: 12
2026-04-16 13:49:32,414 kilosort.clustering_qr DEBUG    Center 36 | Xd shape: torch.Size([75, 84]) | ntemp: 12
2026-04-16 13:49:32,414 kilosort.clustering_qr DEBUG    Center 37 | Xd shape: torch.Size([57, 84]) | ntemp: 12
2026-04-16 13:49:32,415 kilosort.clustering_qr DEBUG    Center 38 | Xd shape: torch.Size([61, 84]) | ntemp: 12
2026-04-16 13:49:32,416 kilosort.clustering_qr DEBUG     
2026-04-16 13:49:32,416 kilosort.clustering_qr DEBUG    Cluster center: 39 (40/96)
2026-04-16 13:49:32,416 kilosort.clustering_qr DEBUG    ********************************************************
2026-04-16 13:49:32,416 kilosort.clustering_qr DEBUG    CPU usage:    87.00 %
2026-04-16 13:49:32,416 kilosort.clustering_qr DEBUG    Mem used:     46.30 %     |      29.53 GB
2026-04-16 13:49:32,416 kilosort.clustering_qr DEBUG    Mem avail:    34.19 / 63.73 GB
2026-04-16 13:49:32,416 kilosort.clustering_qr DEBUG    ------------------------------------------------------
2026-04-16 13:49:32,416 kilosort.clustering_qr DEBUG    GPU usage:    N/A
2026-04-16 13:49:32,416 kilosort.clustering_qr DEBUG    GPU memory:   N/A
2026-04-16 13:49:32,416 kilosort.clustering_qr DEBUG    ********************************************************
2026-04-16 13:49:32,417 kilosort.clustering_qr DEBUG    Center 39 | Xd shape: torch.Size([51, 84]) | ntemp: 12
2026-04-16 13:49:32,418 kilosort.clustering_qr DEBUG    Center 40 | Xd shape: torch.Size([70, 84]) | ntemp: 12
2026-04-16 13:49:32,419 kilosort.clustering_qr DEBUG    Center 41 | Xd shape: torch.Size([38, 84]) | ntemp: 12
2026-04-16 13:49:32,420 kilosort.clustering_qr DEBUG    Center 42 | Xd shape: torch.Size([50, 84]) | ntemp: 12
2026-04-16 13:49:32,420 kilosort.clustering_qr DEBUG    Center 43 | Xd shape: torch.Size([36, 84]) | ntemp: 12
2026-04-16 13:49:32,421 kilosort.clustering_qr DEBUG    Center 44 | Xd shape: torch.Size([32, 84]) | ntemp: 12
2026-04-16 13:49:32,421 kilosort.clustering_qr DEBUG    Center 45 | Xd shape: torch.Size([29, 84]) | ntemp: 12
2026-04-16 13:49:32,422 kilosort.clustering_qr DEBUG    Center 46 | Xd shape: torch.Size([48, 72]) | ntemp: 12
2026-04-16 13:49:32,422 kilosort.clustering_qr DEBUG    Center 47 | Xd shape: torch.Size([38, 60]) | ntemp: 9
2026-04-16 13:49:32,425 kilosort.clustering_qr DEBUG    Center 48 | Xd shape: torch.Size([20, 60]) | ntemp: 12
2026-04-16 13:49:32,426 kilosort.clustering_qr DEBUG     
2026-04-16 13:49:32,426 kilosort.clustering_qr DEBUG    Cluster center: 49 (50/96)
2026-04-16 13:49:32,426 kilosort.clustering_qr DEBUG    ********************************************************
2026-04-16 13:49:32,426 kilosort.clustering_qr DEBUG    CPU usage:    85.00 %
2026-04-16 13:49:32,426 kilosort.clustering_qr DEBUG    Mem used:     46.30 %     |      29.53 GB
2026-04-16 13:49:32,426 kilosort.clustering_qr DEBUG    Mem avail:    34.19 / 63.73 GB
2026-04-16 13:49:32,426 kilosort.clustering_qr DEBUG    ------------------------------------------------------
2026-04-16 13:49:32,426 kilosort.clustering_qr DEBUG    GPU usage:    N/A
2026-04-16 13:49:32,426 kilosort.clustering_qr DEBUG    GPU memory:   N/A
2026-04-16 13:49:32,426 kilosort.clustering_qr DEBUG    ********************************************************
2026-04-16 13:49:32,426 kilosort.clustering_qr DEBUG    Center 49 | Xd shape: torch.Size([24, 84]) | ntemp: 12
2026-04-16 13:49:32,427 kilosort.clustering_qr DEBUG    Center 50 | Xd shape: torch.Size([12, 84]) | ntemp: 12
2026-04-16 13:49:32,427 kilosort.clustering_qr DEBUG    Center 51 | Xd shape: torch.Size([13, 84]) | ntemp: 12
2026-04-16 13:49:32,428 kilosort.clustering_qr DEBUG    Center 52 | Xd shape: torch.Size([15, 84]) | ntemp: 12
2026-04-16 13:49:32,429 kilosort.clustering_qr DEBUG    Center 53 | Xd shape: torch.Size([10, 84]) | ntemp: 12
2026-04-16 13:49:32,429 kilosort.clustering_qr DEBUG    Center 54 | Xd shape: torch.Size([59, 84]) | ntemp: 12
2026-04-16 13:49:32,430 kilosort.clustering_qr DEBUG    Center 55 | Xd shape: torch.Size([49, 84]) | ntemp: 12
2026-04-16 13:49:32,430 kilosort.clustering_qr DEBUG    Center 56 | Xd shape: torch.Size([41, 84]) | ntemp: 12
2026-04-16 13:49:32,431 kilosort.clustering_qr DEBUG    Center 57 | Xd shape: torch.Size([13, 84]) | ntemp: 12
2026-04-16 13:49:32,432 kilosort.clustering_qr DEBUG    Center 58 | Xd shape: torch.Size([32, 84]) | ntemp: 12
2026-04-16 13:49:32,432 kilosort.clustering_qr DEBUG     
2026-04-16 13:49:32,432 kilosort.clustering_qr DEBUG    Cluster center: 59 (60/96)
2026-04-16 13:49:32,432 kilosort.clustering_qr DEBUG    ********************************************************
2026-04-16 13:49:32,432 kilosort.clustering_qr DEBUG    CPU usage:     0.00 %
2026-04-16 13:49:32,432 kilosort.clustering_qr DEBUG    Mem used:     46.30 %     |      29.53 GB
2026-04-16 13:49:32,432 kilosort.clustering_qr DEBUG    Mem avail:    34.19 / 63.73 GB
2026-04-16 13:49:32,432 kilosort.clustering_qr DEBUG    ------------------------------------------------------
2026-04-16 13:49:32,432 kilosort.clustering_qr DEBUG    GPU usage:    N/A
2026-04-16 13:49:32,432 kilosort.clustering_qr DEBUG    GPU memory:   N/A
2026-04-16 13:49:32,433 kilosort.clustering_qr DEBUG    ********************************************************
2026-04-16 13:49:32,433 kilosort.clustering_qr DEBUG    Center 59 | Xd shape: torch.Size([33, 84]) | ntemp: 12
2026-04-16 13:49:32,434 kilosort.clustering_qr DEBUG    Center 60 | Xd shape: torch.Size([37, 84]) | ntemp: 12
2026-04-16 13:49:32,434 kilosort.clustering_qr DEBUG    Center 61 | Xd shape: torch.Size([32, 84]) | ntemp: 12
2026-04-16 13:49:32,435 kilosort.clustering_qr DEBUG    Center 62 | Xd shape: torch.Size([95, 84]) | ntemp: 12
2026-04-16 13:49:32,436 kilosort.clustering_qr DEBUG    Center 63 | Xd shape: torch.Size([102, 84]) | ntemp: 12
2026-04-16 13:49:32,436 kilosort.clustering_qr DEBUG    Center 64 | Xd shape: torch.Size([39, 84]) | ntemp: 12
2026-04-16 13:49:32,437 kilosort.clustering_qr DEBUG    Center 65 | Xd shape: torch.Size([57, 84]) | ntemp: 12
2026-04-16 13:49:32,438 kilosort.clustering_qr DEBUG    Center 66 | Xd shape: torch.Size([48, 84]) | ntemp: 12
2026-04-16 13:49:32,439 kilosort.clustering_qr DEBUG    Center 67 | Xd shape: torch.Size([42, 84]) | ntemp: 12
2026-04-16 13:49:32,439 kilosort.clustering_qr DEBUG    Center 68 | Xd shape: torch.Size([34, 84]) | ntemp: 12
2026-04-16 13:49:32,440 kilosort.clustering_qr DEBUG     
2026-04-16 13:49:32,440 kilosort.clustering_qr DEBUG    Cluster center: 69 (70/96)
2026-04-16 13:49:32,440 kilosort.clustering_qr DEBUG    ********************************************************
2026-04-16 13:49:32,440 kilosort.clustering_qr DEBUG    CPU usage:    69.60 %
2026-04-16 13:49:32,440 kilosort.clustering_qr DEBUG    Mem used:     46.30 %     |      29.53 GB
2026-04-16 13:49:32,440 kilosort.clustering_qr DEBUG    Mem avail:    34.19 / 63.73 GB
2026-04-16 13:49:32,440 kilosort.clustering_qr DEBUG    ------------------------------------------------------
2026-04-16 13:49:32,440 kilosort.clustering_qr DEBUG    GPU usage:    N/A
2026-04-16 13:49:32,440 kilosort.clustering_qr DEBUG    GPU memory:   N/A
2026-04-16 13:49:32,440 kilosort.clustering_qr DEBUG    ********************************************************
2026-04-16 13:49:32,441 kilosort.clustering_qr DEBUG    Center 69 | Xd shape: torch.Size([128, 84]) | ntemp: 12
2026-04-16 13:49:32,442 kilosort.clustering_qr DEBUG    Center 70 | Xd shape: torch.Size([99, 84]) | ntemp: 12
2026-04-16 13:49:32,442 kilosort.clustering_qr DEBUG    Center 71 | Xd shape: torch.Size([47, 84]) | ntemp: 12
2026-04-16 13:49:32,443 kilosort.clustering_qr DEBUG    Center 72 | Xd shape: torch.Size([58, 84]) | ntemp: 12
2026-04-16 13:49:32,444 kilosort.clustering_qr DEBUG    Center 73 | Xd shape: torch.Size([52, 84]) | ntemp: 12
2026-04-16 13:49:32,445 kilosort.clustering_qr DEBUG    Center 74 | Xd shape: torch.Size([46, 84]) | ntemp: 12
2026-04-16 13:49:32,445 kilosort.clustering_qr DEBUG    Center 75 | Xd shape: torch.Size([43, 84]) | ntemp: 12
2026-04-16 13:49:32,446 kilosort.clustering_qr DEBUG    Center 76 | Xd shape: torch.Size([66, 84]) | ntemp: 12
2026-04-16 13:49:32,447 kilosort.clustering_qr DEBUG    Center 77 | Xd shape: torch.Size([37, 84]) | ntemp: 12
2026-04-16 13:49:32,447 kilosort.clustering_qr DEBUG    Center 78 | Xd shape: torch.Size([30, 84]) | ntemp: 12
2026-04-16 13:49:32,449 kilosort.clustering_qr DEBUG     
2026-04-16 13:49:32,449 kilosort.clustering_qr DEBUG    Cluster center: 79 (80/96)
2026-04-16 13:49:32,449 kilosort.clustering_qr DEBUG    ********************************************************
2026-04-16 13:49:32,449 kilosort.clustering_qr DEBUG    CPU usage:     0.00 %
2026-04-16 13:49:32,449 kilosort.clustering_qr DEBUG    Mem used:     46.30 %     |      29.52 GB
2026-04-16 13:49:32,449 kilosort.clustering_qr DEBUG    Mem avail:    34.21 / 63.73 GB
2026-04-16 13:49:32,449 kilosort.clustering_qr DEBUG    ------------------------------------------------------
2026-04-16 13:49:32,449 kilosort.clustering_qr DEBUG    GPU usage:    N/A
2026-04-16 13:49:32,449 kilosort.clustering_qr DEBUG    GPU memory:   N/A
2026-04-16 13:49:32,449 kilosort.clustering_qr DEBUG    ********************************************************
2026-04-16 13:49:32,450 kilosort.clustering_qr DEBUG    Center 79 | Xd shape: torch.Size([26, 84]) | ntemp: 12
2026-04-16 13:49:32,451 kilosort.clustering_qr DEBUG    Center 80 | Xd shape: torch.Size([26, 84]) | ntemp: 12
2026-04-16 13:49:32,451 kilosort.clustering_qr DEBUG    Center 81 | Xd shape: torch.Size([45, 84]) | ntemp: 12
2026-04-16 13:49:32,452 kilosort.clustering_qr DEBUG    Center 82 | Xd shape: torch.Size([31, 84]) | ntemp: 12
2026-04-16 13:49:32,453 kilosort.clustering_qr DEBUG    Center 83 | Xd shape: torch.Size([26, 84]) | ntemp: 12
2026-04-16 13:49:32,453 kilosort.clustering_qr DEBUG    Center 84 | Xd shape: torch.Size([28, 84]) | ntemp: 12
2026-04-16 13:49:32,454 kilosort.clustering_qr DEBUG    Center 85 | Xd shape: torch.Size([31, 84]) | ntemp: 12
2026-04-16 13:49:32,454 kilosort.clustering_qr DEBUG    Center 86 | Xd shape: torch.Size([59, 84]) | ntemp: 12
2026-04-16 13:49:32,455 kilosort.clustering_qr DEBUG    Center 87 | Xd shape: torch.Size([25, 84]) | ntemp: 12
2026-04-16 13:49:32,456 kilosort.clustering_qr DEBUG    Center 88 | Xd shape: torch.Size([75, 84]) | ntemp: 12
2026-04-16 13:49:32,456 kilosort.clustering_qr DEBUG     
2026-04-16 13:49:32,456 kilosort.clustering_qr DEBUG    Cluster center: 89 (90/96)
2026-04-16 13:49:32,456 kilosort.clustering_qr DEBUG    ********************************************************
2026-04-16 13:49:32,456 kilosort.clustering_qr DEBUG    CPU usage:    80.00 %
2026-04-16 13:49:32,457 kilosort.clustering_qr DEBUG    Mem used:     46.30 %     |      29.52 GB
2026-04-16 13:49:32,457 kilosort.clustering_qr DEBUG    Mem avail:    34.21 / 63.73 GB
2026-04-16 13:49:32,457 kilosort.clustering_qr DEBUG    ------------------------------------------------------
2026-04-16 13:49:32,457 kilosort.clustering_qr DEBUG    GPU usage:    N/A
2026-04-16 13:49:32,457 kilosort.clustering_qr DEBUG    GPU memory:   N/A
2026-04-16 13:49:32,457 kilosort.clustering_qr DEBUG    ********************************************************
2026-04-16 13:49:32,457 kilosort.clustering_qr DEBUG    Center 89 | Xd shape: torch.Size([42, 84]) | ntemp: 12
2026-04-16 13:49:32,458 kilosort.clustering_qr DEBUG    Center 90 | Xd shape: torch.Size([39, 84]) | ntemp: 12
2026-04-16 13:49:32,458 kilosort.clustering_qr DEBUG    Center 91 | Xd shape: torch.Size([67, 84]) | ntemp: 12
2026-04-16 13:49:32,459 kilosort.clustering_qr DEBUG    Center 92 | Xd shape: torch.Size([34, 84]) | ntemp: 12
2026-04-16 13:49:32,459 kilosort.clustering_qr DEBUG    Center 93 | Xd shape: torch.Size([34, 84]) | ntemp: 12
2026-04-16 13:49:32,460 kilosort.clustering_qr DEBUG    Center 94 | Xd shape: torch.Size([34, 72]) | ntemp: 12
2026-04-16 13:49:32,461 kilosort.clustering_qr DEBUG    Center 95 | Xd shape: torch.Size([36, 60]) | ntemp: 9
2026-04-16 13:49:32,527 kilosort.run_kilosort INFO     96 clusters found, in 0.15s; total 37.45s
2026-04-16 13:49:32,527 kilosort.run_kilosort DEBUG    clu shape: (4025,)
2026-04-16 13:49:32,527 kilosort.run_kilosort DEBUG    Wall shape: torch.Size([96, 384, 6])
2026-04-16 13:49:32,528 kilosort.run_kilosort INFO      
2026-04-16 13:49:32,528 kilosort.run_kilosort INFO     Resource usage after first clustering
2026-04-16 13:49:32,528 kilosort.run_kilosort INFO     ********************************************************
2026-04-16 13:49:32,528 kilosort.run_kilosort INFO     CPU usage:     0.00 %
2026-04-16 13:49:32,528 kilosort.run_kilosort INFO     Mem used:     46.40 %     |      29.55 GB
2026-04-16 13:49:32,528 kilosort.run_kilosort INFO     Mem avail:    34.17 / 63.73 GB
2026-04-16 13:49:32,528 kilosort.run_kilosort INFO     ------------------------------------------------------
2026-04-16 13:49:32,528 kilosort.run_kilosort INFO     GPU usage:    N/A
2026-04-16 13:49:32,528 kilosort.run_kilosort INFO     GPU memory:   N/A
2026-04-16 13:49:32,528 kilosort.run_kilosort INFO     ********************************************************
2026-04-16 13:49:32,528 kilosort.run_kilosort DEBUG    
2026-04-16 13:49:32,528 kilosort.run_kilosort DEBUG    --------------------
2026-04-16 13:49:32,528 kilosort.run_kilosort DEBUG    Process thread count: N/A (linux only)
2026-04-16 13:49:32,528 kilosort.run_kilosort DEBUG    num torch threads: 16
2026-04-16 13:49:32,528 kilosort.run_kilosort DEBUG    --------------------

2026-04-16 13:49:32,528 kilosort.run_kilosort INFO      
2026-04-16 13:49:32,528 kilosort.run_kilosort INFO     Extracting spikes using cluster waveforms
2026-04-16 13:49:32,528 kilosort.run_kilosort INFO     ----------------------------------------
2026-04-16 13:49:32,542 kilosort.template_matching DEBUG     
2026-04-16 13:49:32,542 kilosort.template_matching DEBUG    Batch 0
2026-04-16 13:49:32,542 kilosort.template_matching DEBUG    ********************************************************
2026-04-16 13:49:32,542 kilosort.template_matching DEBUG    CPU usage:    66.70 %
2026-04-16 13:49:32,542 kilosort.template_matching DEBUG    Mem used:     46.40 %     |      29.56 GB
2026-04-16 13:49:32,542 kilosort.template_matching DEBUG    Mem avail:    34.17 / 63.73 GB
2026-04-16 13:49:32,542 kilosort.template_matching DEBUG    ------------------------------------------------------
2026-04-16 13:49:32,542 kilosort.template_matching DEBUG    GPU usage:    N/A
2026-04-16 13:49:32,542 kilosort.template_matching DEBUG    GPU memory:   N/A
2026-04-16 13:49:32,542 kilosort.template_matching DEBUG    ********************************************************
2026-04-16 13:49:35,048 kilosort.template_matching DEBUG     
2026-04-16 13:49:35,048 kilosort.template_matching DEBUG    Batch 1
2026-04-16 13:49:35,048 kilosort.template_matching DEBUG    ********************************************************
2026-04-16 13:49:35,048 kilosort.template_matching DEBUG    CPU usage:    70.50 %
2026-04-16 13:49:35,048 kilosort.template_matching DEBUG    Mem used:     46.50 %     |      29.61 GB
2026-04-16 13:49:35,048 kilosort.template_matching DEBUG    Mem avail:    34.12 / 63.73 GB
2026-04-16 13:49:35,048 kilosort.template_matching DEBUG    ------------------------------------------------------
2026-04-16 13:49:35,048 kilosort.template_matching DEBUG    GPU usage:    N/A
2026-04-16 13:49:35,048 kilosort.template_matching DEBUG    GPU memory:   N/A
2026-04-16 13:49:35,048 kilosort.template_matching DEBUG    ********************************************************
2026-04-16 13:49:35,049 kilosort.run_kilosort DEBUG    
2026-04-16 13:49:35,049 kilosort.run_kilosort DEBUG    --------------------
2026-04-16 13:49:35,049 kilosort.run_kilosort DEBUG    Process thread count: N/A (linux only)
2026-04-16 13:49:35,049 kilosort.run_kilosort DEBUG    num torch threads: 16
2026-04-16 13:49:35,049 kilosort.run_kilosort DEBUG    --------------------

2026-04-16 13:49:35,049 kilosort.run_kilosort INFO     2442 spikes extracted in 2.52s; total 39.98s
2026-04-16 13:49:35,049 kilosort.run_kilosort DEBUG    st shape: (2442, 3)
2026-04-16 13:49:35,049 kilosort.run_kilosort DEBUG    tF shape: torch.Size([2442, 10, 6])
2026-04-16 13:49:35,049 kilosort.run_kilosort DEBUG    iCC shape: torch.Size([10, 384])
2026-04-16 13:49:35,049 kilosort.run_kilosort DEBUG    iU shape: torch.Size([93])
2026-04-16 13:49:35,050 kilosort.run_kilosort INFO      
2026-04-16 13:49:35,050 kilosort.run_kilosort INFO     Resource usage after spike detect (learned)
2026-04-16 13:49:35,050 kilosort.run_kilosort INFO     ********************************************************
2026-04-16 13:49:35,050 kilosort.run_kilosort INFO     CPU usage:     0.00 %
2026-04-16 13:49:35,050 kilosort.run_kilosort INFO     Mem used:     46.50 %     |      29.61 GB
2026-04-16 13:49:35,050 kilosort.run_kilosort INFO     Mem avail:    34.12 / 63.73 GB
2026-04-16 13:49:35,050 kilosort.run_kilosort INFO     ------------------------------------------------------
2026-04-16 13:49:35,050 kilosort.run_kilosort INFO     GPU usage:    N/A
2026-04-16 13:49:35,050 kilosort.run_kilosort INFO     GPU memory:   N/A
2026-04-16 13:49:35,050 kilosort.run_kilosort INFO     ********************************************************
2026-04-16 13:49:35,802 kilosort.run_kilosort INFO      
2026-04-16 13:49:35,802 kilosort.run_kilosort INFO     Final clustering
2026-04-16 13:49:35,802 kilosort.run_kilosort INFO     ----------------------------------------
2026-04-16 13:49:35,806 kilosort.clustering_qr DEBUG    Center 0 | Xd shape: torch.Size([29, 60]) | ntemp: 1
2026-04-16 13:49:35,807 kilosort.clustering_qr DEBUG    Center 1 | Xd shape: torch.Size([8, 60]) | ntemp: 1
2026-04-16 13:49:35,807 kilosort.clustering_qr DEBUG    Center 2 | Xd shape: torch.Size([6, 60]) | ntemp: 1
2026-04-16 13:49:35,808 kilosort.clustering_qr DEBUG    Center 3 | Xd shape: torch.Size([4, 60]) | ntemp: 1
2026-04-16 13:49:35,808 kilosort.clustering_qr DEBUG    Center 4 | Xd shape: torch.Size([10, 60]) | ntemp: 1
2026-04-16 13:49:35,808 kilosort.clustering_qr DEBUG    Center 5 | Xd shape: torch.Size([5, 60]) | ntemp: 1
2026-04-16 13:49:35,809 kilosort.clustering_qr DEBUG    Center 6 | Xd shape: torch.Size([3, 60]) | ntemp: 1
2026-04-16 13:49:35,809 kilosort.clustering_qr DEBUG    Center 8 | Xd shape: torch.Size([168, 60]) | ntemp: 1
2026-04-16 13:49:35,810 kilosort.clustering_qr DEBUG    Center 10 | Xd shape: torch.Size([25, 72]) | ntemp: 2
2026-04-16 13:49:35,811 kilosort.clustering_qr DEBUG     
2026-04-16 13:49:35,811 kilosort.clustering_qr DEBUG    Cluster center: 11 (10/84)
2026-04-16 13:49:35,811 kilosort.clustering_qr DEBUG    ********************************************************
2026-04-16 13:49:35,811 kilosort.clustering_qr DEBUG    CPU usage:    24.10 %
2026-04-16 13:49:35,811 kilosort.clustering_qr DEBUG    Mem used:     46.60 %     |      29.68 GB
2026-04-16 13:49:35,811 kilosort.clustering_qr DEBUG    Mem avail:    34.05 / 63.73 GB
2026-04-16 13:49:35,811 kilosort.clustering_qr DEBUG    ------------------------------------------------------
2026-04-16 13:49:35,811 kilosort.clustering_qr DEBUG    GPU usage:    N/A
2026-04-16 13:49:35,811 kilosort.clustering_qr DEBUG    GPU memory:   N/A
2026-04-16 13:49:35,811 kilosort.clustering_qr DEBUG    ********************************************************
2026-04-16 13:49:35,812 kilosort.clustering_qr DEBUG    Center 11 | Xd shape: torch.Size([16, 60]) | ntemp: 1
2026-04-16 13:49:35,812 kilosort.clustering_qr DEBUG    Center 12 | Xd shape: torch.Size([11, 60]) | ntemp: 1
2026-04-16 13:49:35,813 kilosort.clustering_qr DEBUG    Center 13 | Xd shape: torch.Size([17, 60]) | ntemp: 1
2026-04-16 13:49:35,813 kilosort.clustering_qr DEBUG    Center 14 | Xd shape: torch.Size([28, 60]) | ntemp: 1
2026-04-16 13:49:35,813 kilosort.clustering_qr DEBUG    Center 15 | Xd shape: torch.Size([5, 60]) | ntemp: 1
2026-04-16 13:49:35,814 kilosort.clustering_qr DEBUG    Center 16 | Xd shape: torch.Size([22, 60]) | ntemp: 1
2026-04-16 13:49:35,814 kilosort.clustering_qr DEBUG    Center 17 | Xd shape: torch.Size([3, 60]) | ntemp: 1
2026-04-16 13:49:35,815 kilosort.clustering_qr DEBUG    Center 18 | Xd shape: torch.Size([14, 60]) | ntemp: 1
2026-04-16 13:49:35,815 kilosort.clustering_qr DEBUG    Center 19 | Xd shape: torch.Size([9, 60]) | ntemp: 1
2026-04-16 13:49:35,815 kilosort.clustering_qr DEBUG    Center 20 | Xd shape: torch.Size([54, 60]) | ntemp: 1
2026-04-16 13:49:35,816 kilosort.clustering_qr DEBUG     
2026-04-16 13:49:35,816 kilosort.clustering_qr DEBUG    Cluster center: 21 (20/84)
2026-04-16 13:49:35,816 kilosort.clustering_qr DEBUG    ********************************************************
2026-04-16 13:49:35,816 kilosort.clustering_qr DEBUG    CPU usage:    89.50 %
2026-04-16 13:49:35,817 kilosort.clustering_qr DEBUG    Mem used:     46.60 %     |      29.68 GB
2026-04-16 13:49:35,817 kilosort.clustering_qr DEBUG    Mem avail:    34.05 / 63.73 GB
2026-04-16 13:49:35,817 kilosort.clustering_qr DEBUG    ------------------------------------------------------
2026-04-16 13:49:35,817 kilosort.clustering_qr DEBUG    GPU usage:    N/A
2026-04-16 13:49:35,817 kilosort.clustering_qr DEBUG    GPU memory:   N/A
2026-04-16 13:49:35,817 kilosort.clustering_qr DEBUG    ********************************************************
2026-04-16 13:49:35,817 kilosort.clustering_qr DEBUG    Center 21 | Xd shape: torch.Size([4, 60]) | ntemp: 1
2026-04-16 13:49:35,818 kilosort.clustering_qr DEBUG    Center 22 | Xd shape: torch.Size([2, 60]) | ntemp: 1
2026-04-16 13:49:35,818 kilosort.clustering_qr DEBUG    Center 24 | Xd shape: torch.Size([60, 60]) | ntemp: 1
2026-04-16 13:49:35,819 kilosort.clustering_qr DEBUG    Center 25 | Xd shape: torch.Size([31, 60]) | ntemp: 1
2026-04-16 13:49:35,819 kilosort.clustering_qr DEBUG    Center 26 | Xd shape: torch.Size([7, 60]) | ntemp: 1
2026-04-16 13:49:35,819 kilosort.clustering_qr DEBUG    Center 27 | Xd shape: torch.Size([14, 60]) | ntemp: 1
2026-04-16 13:49:35,820 kilosort.clustering_qr DEBUG    Center 28 | Xd shape: torch.Size([30, 60]) | ntemp: 1
2026-04-16 13:49:35,820 kilosort.clustering_qr DEBUG    Center 29 | Xd shape: torch.Size([43, 60]) | ntemp: 1
2026-04-16 13:49:35,821 kilosort.clustering_qr DEBUG    Center 30 | Xd shape: torch.Size([15, 60]) | ntemp: 1
2026-04-16 13:49:35,821 kilosort.clustering_qr DEBUG    Center 31 | Xd shape: torch.Size([45, 60]) | ntemp: 1
2026-04-16 13:49:35,822 kilosort.clustering_qr DEBUG     
2026-04-16 13:49:35,822 kilosort.clustering_qr DEBUG    Cluster center: 33 (30/84)
2026-04-16 13:49:35,822 kilosort.clustering_qr DEBUG    ********************************************************
2026-04-16 13:49:35,822 kilosort.clustering_qr DEBUG    CPU usage:     0.00 %
2026-04-16 13:49:35,822 kilosort.clustering_qr DEBUG    Mem used:     46.60 %     |      29.68 GB
2026-04-16 13:49:35,822 kilosort.clustering_qr DEBUG    Mem avail:    34.05 / 63.73 GB
2026-04-16 13:49:35,822 kilosort.clustering_qr DEBUG    ------------------------------------------------------
2026-04-16 13:49:35,822 kilosort.clustering_qr DEBUG    GPU usage:    N/A
2026-04-16 13:49:35,822 kilosort.clustering_qr DEBUG    GPU memory:   N/A
2026-04-16 13:49:35,822 kilosort.clustering_qr DEBUG    ********************************************************
2026-04-16 13:49:35,822 kilosort.clustering_qr DEBUG    Center 33 | Xd shape: torch.Size([56, 72]) | ntemp: 2
2026-04-16 13:49:35,823 kilosort.clustering_qr DEBUG    Center 34 | Xd shape: torch.Size([86, 60]) | ntemp: 1
2026-04-16 13:49:35,823 kilosort.clustering_qr DEBUG    Center 35 | Xd shape: torch.Size([186, 60]) | ntemp: 1
2026-04-16 13:49:35,823 kilosort.clustering_qr DEBUG    Center 36 | Xd shape: torch.Size([79, 60]) | ntemp: 1
2026-04-16 13:49:35,824 kilosort.clustering_qr DEBUG    Center 37 | Xd shape: torch.Size([48, 60]) | ntemp: 1
2026-04-16 13:49:35,824 kilosort.clustering_qr DEBUG    Center 38 | Xd shape: torch.Size([55, 60]) | ntemp: 1
2026-04-16 13:49:35,825 kilosort.clustering_qr DEBUG    Center 39 | Xd shape: torch.Size([45, 60]) | ntemp: 1
2026-04-16 13:49:35,825 kilosort.clustering_qr DEBUG    Center 40 | Xd shape: torch.Size([55, 60]) | ntemp: 1
2026-04-16 13:49:35,826 kilosort.clustering_qr DEBUG    Center 41 | Xd shape: torch.Size([36, 60]) | ntemp: 1
2026-04-16 13:49:35,826 kilosort.clustering_qr DEBUG    Center 42 | Xd shape: torch.Size([27, 60]) | ntemp: 1
2026-04-16 13:49:35,827 kilosort.clustering_qr DEBUG     
2026-04-16 13:49:35,827 kilosort.clustering_qr DEBUG    Cluster center: 43 (40/84)
2026-04-16 13:49:35,827 kilosort.clustering_qr DEBUG    ********************************************************
2026-04-16 13:49:35,827 kilosort.clustering_qr DEBUG    CPU usage:     0.00 %
2026-04-16 13:49:35,828 kilosort.clustering_qr DEBUG    Mem used:     46.60 %     |      29.68 GB
2026-04-16 13:49:35,828 kilosort.clustering_qr DEBUG    Mem avail:    34.05 / 63.73 GB
2026-04-16 13:49:35,828 kilosort.clustering_qr DEBUG    ------------------------------------------------------
2026-04-16 13:49:35,828 kilosort.clustering_qr DEBUG    GPU usage:    N/A
2026-04-16 13:49:35,828 kilosort.clustering_qr DEBUG    GPU memory:   N/A
2026-04-16 13:49:35,828 kilosort.clustering_qr DEBUG    ********************************************************
2026-04-16 13:49:35,828 kilosort.clustering_qr DEBUG    Center 43 | Xd shape: torch.Size([10, 60]) | ntemp: 1
2026-04-16 13:49:35,829 kilosort.clustering_qr DEBUG    Center 44 | Xd shape: torch.Size([33, 60]) | ntemp: 2
2026-04-16 13:49:35,829 kilosort.clustering_qr DEBUG    Center 46 | Xd shape: torch.Size([32, 60]) | ntemp: 1
2026-04-16 13:49:35,830 kilosort.clustering_qr DEBUG    Center 47 | Xd shape: torch.Size([20, 60]) | ntemp: 1
2026-04-16 13:49:35,831 kilosort.clustering_qr DEBUG    Center 48 | Xd shape: torch.Size([2, 60]) | ntemp: 1
2026-04-16 13:49:35,831 kilosort.clustering_qr DEBUG    Center 49 | Xd shape: torch.Size([7, 60]) | ntemp: 1
2026-04-16 13:49:35,832 kilosort.clustering_qr DEBUG    Center 52 | Xd shape: torch.Size([3, 60]) | ntemp: 1
2026-04-16 13:49:35,832 kilosort.clustering_qr DEBUG    Center 53 | Xd shape: torch.Size([14, 72]) | ntemp: 2
2026-04-16 13:49:35,833 kilosort.clustering_qr DEBUG    Center 54 | Xd shape: torch.Size([88, 60]) | ntemp: 1
2026-04-16 13:49:35,833 kilosort.clustering_qr DEBUG     
2026-04-16 13:49:35,833 kilosort.clustering_qr DEBUG    Cluster center: 55 (50/84)
2026-04-16 13:49:35,833 kilosort.clustering_qr DEBUG    ********************************************************
2026-04-16 13:49:35,833 kilosort.clustering_qr DEBUG    CPU usage:    76.20 %
2026-04-16 13:49:35,833 kilosort.clustering_qr DEBUG    Mem used:     46.60 %     |      29.68 GB
2026-04-16 13:49:35,833 kilosort.clustering_qr DEBUG    Mem avail:    34.05 / 63.73 GB
2026-04-16 13:49:35,833 kilosort.clustering_qr DEBUG    ------------------------------------------------------
2026-04-16 13:49:35,833 kilosort.clustering_qr DEBUG    GPU usage:    N/A
2026-04-16 13:49:35,833 kilosort.clustering_qr DEBUG    GPU memory:   N/A
2026-04-16 13:49:35,833 kilosort.clustering_qr DEBUG    ********************************************************
2026-04-16 13:49:35,834 kilosort.clustering_qr DEBUG    Center 55 | Xd shape: torch.Size([22, 60]) | ntemp: 1
2026-04-16 13:49:35,834 kilosort.clustering_qr DEBUG    Center 56 | Xd shape: torch.Size([39, 60]) | ntemp: 1
2026-04-16 13:49:35,834 kilosort.clustering_qr DEBUG    Center 57 | Xd shape: torch.Size([9, 60]) | ntemp: 1
2026-04-16 13:49:35,835 kilosort.clustering_qr DEBUG    Center 58 | Xd shape: torch.Size([25, 60]) | ntemp: 1
2026-04-16 13:49:35,835 kilosort.clustering_qr DEBUG    Center 59 | Xd shape: torch.Size([9, 60]) | ntemp: 1
2026-04-16 13:49:35,835 kilosort.clustering_qr DEBUG    Center 60 | Xd shape: torch.Size([17, 60]) | ntemp: 1
2026-04-16 13:49:35,836 kilosort.clustering_qr DEBUG    Center 61 | Xd shape: torch.Size([1, 60]) | ntemp: 1
2026-04-16 13:49:35,836 kilosort.clustering_qr DEBUG    Center 63 | Xd shape: torch.Size([158, 60]) | ntemp: 1
2026-04-16 13:49:35,836 kilosort.clustering_qr DEBUG    Center 64 | Xd shape: torch.Size([16, 60]) | ntemp: 1
2026-04-16 13:49:35,837 kilosort.clustering_qr DEBUG    Center 65 | Xd shape: torch.Size([6, 60]) | ntemp: 1
2026-04-16 13:49:35,838 kilosort.clustering_qr DEBUG     
2026-04-16 13:49:35,838 kilosort.clustering_qr DEBUG    Cluster center: 66 (60/84)
2026-04-16 13:49:35,838 kilosort.clustering_qr DEBUG    ********************************************************
2026-04-16 13:49:35,838 kilosort.clustering_qr DEBUG    CPU usage:     0.00 %
2026-04-16 13:49:35,838 kilosort.clustering_qr DEBUG    Mem used:     46.60 %     |      29.68 GB
2026-04-16 13:49:35,838 kilosort.clustering_qr DEBUG    Mem avail:    34.05 / 63.73 GB
2026-04-16 13:49:35,838 kilosort.clustering_qr DEBUG    ------------------------------------------------------
2026-04-16 13:49:35,838 kilosort.clustering_qr DEBUG    GPU usage:    N/A
2026-04-16 13:49:35,838 kilosort.clustering_qr DEBUG    GPU memory:   N/A
2026-04-16 13:49:35,838 kilosort.clustering_qr DEBUG    ********************************************************
2026-04-16 13:49:35,838 kilosort.clustering_qr DEBUG    Center 66 | Xd shape: torch.Size([3, 60]) | ntemp: 1
2026-04-16 13:49:35,838 kilosort.clustering_qr DEBUG    Center 67 | Xd shape: torch.Size([23, 60]) | ntemp: 1
2026-04-16 13:49:35,839 kilosort.clustering_qr DEBUG    Center 68 | Xd shape: torch.Size([13, 60]) | ntemp: 1
2026-04-16 13:49:35,839 kilosort.clustering_qr DEBUG    Center 69 | Xd shape: torch.Size([125, 60]) | ntemp: 1
2026-04-16 13:49:35,840 kilosort.clustering_qr DEBUG    Center 70 | Xd shape: torch.Size([89, 60]) | ntemp: 2
2026-04-16 13:49:35,840 kilosort.clustering_qr DEBUG    Center 72 | Xd shape: torch.Size([9, 60]) | ntemp: 1
2026-04-16 13:49:35,840 kilosort.clustering_qr DEBUG    Center 73 | Xd shape: torch.Size([11, 72]) | ntemp: 2
2026-04-16 13:49:35,841 kilosort.clustering_qr DEBUG    Center 75 | Xd shape: torch.Size([6, 60]) | ntemp: 1
2026-04-16 13:49:35,841 kilosort.clustering_qr DEBUG    Center 76 | Xd shape: torch.Size([28, 60]) | ntemp: 1
2026-04-16 13:49:35,841 kilosort.clustering_qr DEBUG    Center 77 | Xd shape: torch.Size([9, 60]) | ntemp: 1
2026-04-16 13:49:35,842 kilosort.clustering_qr DEBUG     
2026-04-16 13:49:35,842 kilosort.clustering_qr DEBUG    Cluster center: 78 (70/84)
2026-04-16 13:49:35,842 kilosort.clustering_qr DEBUG    ********************************************************
2026-04-16 13:49:35,842 kilosort.clustering_qr DEBUG    CPU usage:     0.00 %
2026-04-16 13:49:35,842 kilosort.clustering_qr DEBUG    Mem used:     46.60 %     |      29.68 GB
2026-04-16 13:49:35,842 kilosort.clustering_qr DEBUG    Mem avail:    34.05 / 63.73 GB
2026-04-16 13:49:35,842 kilosort.clustering_qr DEBUG    ------------------------------------------------------
2026-04-16 13:49:35,842 kilosort.clustering_qr DEBUG    GPU usage:    N/A
2026-04-16 13:49:35,842 kilosort.clustering_qr DEBUG    GPU memory:   N/A
2026-04-16 13:49:35,842 kilosort.clustering_qr DEBUG    ********************************************************
2026-04-16 13:49:35,843 kilosort.clustering_qr DEBUG    Center 78 | Xd shape: torch.Size([4, 60]) | ntemp: 1
2026-04-16 13:49:35,843 kilosort.clustering_qr DEBUG    Center 80 | Xd shape: torch.Size([5, 72]) | ntemp: 2
2026-04-16 13:49:35,843 kilosort.clustering_qr DEBUG    Center 81 | Xd shape: torch.Size([16, 60]) | ntemp: 1
2026-04-16 13:49:35,844 kilosort.clustering_qr DEBUG    Center 82 | Xd shape: torch.Size([6, 60]) | ntemp: 1
2026-04-16 13:49:35,844 kilosort.clustering_qr DEBUG    Center 83 | Xd shape: torch.Size([2, 60]) | ntemp: 1
2026-04-16 13:49:35,845 kilosort.clustering_qr DEBUG    Center 84 | Xd shape: torch.Size([4, 60]) | ntemp: 1
2026-04-16 13:49:35,845 kilosort.clustering_qr DEBUG    Center 86 | Xd shape: torch.Size([45, 60]) | ntemp: 2
2026-04-16 13:49:35,845 kilosort.clustering_qr DEBUG    Center 88 | Xd shape: torch.Size([62, 72]) | ntemp: 2
2026-04-16 13:49:35,846 kilosort.clustering_qr DEBUG    Center 89 | Xd shape: torch.Size([47, 60]) | ntemp: 1
2026-04-16 13:49:35,846 kilosort.clustering_qr DEBUG    Center 90 | Xd shape: torch.Size([4, 60]) | ntemp: 1
2026-04-16 13:49:35,847 kilosort.clustering_qr DEBUG     
2026-04-16 13:49:35,847 kilosort.clustering_qr DEBUG    Cluster center: 91 (80/84)
2026-04-16 13:49:35,847 kilosort.clustering_qr DEBUG    ********************************************************
2026-04-16 13:49:35,847 kilosort.clustering_qr DEBUG    CPU usage:    81.00 %
2026-04-16 13:49:35,847 kilosort.clustering_qr DEBUG    Mem used:     46.60 %     |      29.68 GB
2026-04-16 13:49:35,847 kilosort.clustering_qr DEBUG    Mem avail:    34.05 / 63.73 GB
2026-04-16 13:49:35,847 kilosort.clustering_qr DEBUG    ------------------------------------------------------
2026-04-16 13:49:35,847 kilosort.clustering_qr DEBUG    GPU usage:    N/A
2026-04-16 13:49:35,847 kilosort.clustering_qr DEBUG    GPU memory:   N/A
2026-04-16 13:49:35,847 kilosort.clustering_qr DEBUG    ********************************************************
2026-04-16 13:49:35,847 kilosort.clustering_qr DEBUG    Center 91 | Xd shape: torch.Size([16, 60]) | ntemp: 1
2026-04-16 13:49:35,847 kilosort.clustering_qr DEBUG    Center 92 | Xd shape: torch.Size([5, 60]) | ntemp: 1
2026-04-16 13:49:35,848 kilosort.clustering_qr DEBUG    Center 93 | Xd shape: torch.Size([9, 60]) | ntemp: 1
2026-04-16 13:49:35,848 kilosort.clustering_qr DEBUG    Center 94 | Xd shape: torch.Size([11, 60]) | ntemp: 1
2026-04-16 13:49:35,849 kilosort.clustering_qr DEBUG    Center 95 | Xd shape: torch.Size([18, 60]) | ntemp: 1
2026-04-16 13:49:35,851 kilosort.run_kilosort INFO     83 clusters found, in 0.05s; total 40.78s
2026-04-16 13:49:35,851 kilosort.run_kilosort DEBUG    clu shape: (2442,)
2026-04-16 13:49:35,851 kilosort.run_kilosort DEBUG    Wall shape: torch.Size([83, 384, 6])
2026-04-16 13:49:35,851 kilosort.run_kilosort DEBUG    
2026-04-16 13:49:35,851 kilosort.run_kilosort DEBUG    --------------------
2026-04-16 13:49:35,851 kilosort.run_kilosort DEBUG    Process thread count: N/A (linux only)
2026-04-16 13:49:35,851 kilosort.run_kilosort DEBUG    num torch threads: 16
2026-04-16 13:49:35,851 kilosort.run_kilosort DEBUG    --------------------

2026-04-16 13:49:35,851 kilosort.run_kilosort INFO      
2026-04-16 13:49:35,851 kilosort.run_kilosort INFO     Merging clusters
2026-04-16 13:49:35,851 kilosort.run_kilosort INFO     ----------------------------------------
2026-04-16 13:49:37,499 kilosort.run_kilosort INFO     83 units found, in 1.65s; total 42.43s
2026-04-16 13:49:37,499 kilosort.run_kilosort DEBUG    clu shape: (2442,)
2026-04-16 13:49:37,499 kilosort.run_kilosort DEBUG    Wall shape: torch.Size([83, 384, 6])
2026-04-16 13:49:37,501 kilosort.run_kilosort INFO      
2026-04-16 13:49:37,501 kilosort.run_kilosort INFO     Resource usage after clustering
2026-04-16 13:49:37,501 kilosort.run_kilosort INFO     ********************************************************
2026-04-16 13:49:37,501 kilosort.run_kilosort INFO     CPU usage:     0.00 %
2026-04-16 13:49:37,501 kilosort.run_kilosort INFO     Mem used:     46.70 %     |      29.75 GB
2026-04-16 13:49:37,501 kilosort.run_kilosort INFO     Mem avail:    33.98 / 63.73 GB
2026-04-16 13:49:37,501 kilosort.run_kilosort INFO     ------------------------------------------------------
2026-04-16 13:49:37,501 kilosort.run_kilosort INFO     GPU usage:    N/A
2026-04-16 13:49:37,501 kilosort.run_kilosort INFO     GPU memory:   N/A
2026-04-16 13:49:37,501 kilosort.run_kilosort INFO     ********************************************************
2026-04-16 13:49:37,501 kilosort.run_kilosort INFO      
2026-04-16 13:49:37,501 kilosort.run_kilosort INFO     Saving to phy and computing refractory periods
2026-04-16 13:49:37,501 kilosort.run_kilosort INFO     ----------------------------------------
2026-04-16 13:49:37,509 kilosort.io  DEBUG     
2026-04-16 13:49:37,510 kilosort.io  DEBUG    save_to_phy, whitening
2026-04-16 13:49:37,510 kilosort.io  DEBUG    ********************************************************
2026-04-16 13:49:37,510 kilosort.io  DEBUG    CPU usage:    73.90 %
2026-04-16 13:49:37,510 kilosort.io  DEBUG    Mem used:     46.70 %     |      29.75 GB
2026-04-16 13:49:37,510 kilosort.io  DEBUG    Mem avail:    33.97 / 63.73 GB
2026-04-16 13:49:37,510 kilosort.io  DEBUG    ------------------------------------------------------
2026-04-16 13:49:37,510 kilosort.io  DEBUG    GPU usage:    N/A
2026-04-16 13:49:37,510 kilosort.io  DEBUG    GPU memory:   N/A
2026-04-16 13:49:37,510 kilosort.io  DEBUG    ********************************************************
2026-04-16 13:49:37,512 kilosort.io  DEBUG     
2026-04-16 13:49:37,512 kilosort.io  DEBUG    save_to_phy, spike positions
2026-04-16 13:49:37,512 kilosort.io  DEBUG    ********************************************************
2026-04-16 13:49:37,512 kilosort.io  DEBUG    CPU usage:     0.00 %
2026-04-16 13:49:37,512 kilosort.io  DEBUG    Mem used:     46.70 %     |      29.75 GB
2026-04-16 13:49:37,512 kilosort.io  DEBUG    Mem avail:    33.97 / 63.73 GB
2026-04-16 13:49:37,512 kilosort.io  DEBUG    ------------------------------------------------------
2026-04-16 13:49:37,512 kilosort.io  DEBUG    GPU usage:    N/A
2026-04-16 13:49:37,512 kilosort.io  DEBUG    GPU memory:   N/A
2026-04-16 13:49:37,512 kilosort.io  DEBUG    ********************************************************
2026-04-16 13:49:37,518 kilosort.io  DEBUG     
2026-04-16 13:49:37,519 kilosort.io  DEBUG    save_to_phy, remove duplicates
2026-04-16 13:49:37,519 kilosort.io  DEBUG    ********************************************************
2026-04-16 13:49:37,519 kilosort.io  DEBUG    CPU usage:    77.30 %
2026-04-16 13:49:37,519 kilosort.io  DEBUG    Mem used:     46.70 %     |      29.75 GB
2026-04-16 13:49:37,519 kilosort.io  DEBUG    Mem avail:    33.97 / 63.73 GB
2026-04-16 13:49:37,519 kilosort.io  DEBUG    ------------------------------------------------------
2026-04-16 13:49:37,519 kilosort.io  DEBUG    GPU usage:    N/A
2026-04-16 13:49:37,519 kilosort.io  DEBUG    GPU memory:   N/A
2026-04-16 13:49:37,519 kilosort.io  DEBUG    ********************************************************
2026-04-16 13:49:37,592 kilosort.io  DEBUG     
2026-04-16 13:49:37,592 kilosort.io  DEBUG    save_to_phy, template props
2026-04-16 13:49:37,592 kilosort.io  DEBUG    ********************************************************
2026-04-16 13:49:37,592 kilosort.io  DEBUG    CPU usage:    73.00 %
2026-04-16 13:49:37,592 kilosort.io  DEBUG    Mem used:     46.60 %     |      29.73 GB
2026-04-16 13:49:37,592 kilosort.io  DEBUG    Mem avail:    34.00 / 63.73 GB
2026-04-16 13:49:37,592 kilosort.io  DEBUG    ------------------------------------------------------
2026-04-16 13:49:37,592 kilosort.io  DEBUG    GPU usage:    N/A
2026-04-16 13:49:37,592 kilosort.io  DEBUG    GPU memory:   N/A
2026-04-16 13:49:37,592 kilosort.io  DEBUG    ********************************************************
2026-04-16 13:49:37,613 kilosort.io  DEBUG     
2026-04-16 13:49:37,613 kilosort.io  DEBUG    save_to_phy, pc features
2026-04-16 13:49:37,613 kilosort.io  DEBUG    ********************************************************
2026-04-16 13:49:37,613 kilosort.io  DEBUG    CPU usage:    71.10 %
2026-04-16 13:49:37,613 kilosort.io  DEBUG    Mem used:     46.70 %     |      29.73 GB
2026-04-16 13:49:37,613 kilosort.io  DEBUG    Mem avail:    34.00 / 63.73 GB
2026-04-16 13:49:37,613 kilosort.io  DEBUG    ------------------------------------------------------
2026-04-16 13:49:37,613 kilosort.io  DEBUG    GPU usage:    N/A
2026-04-16 13:49:37,613 kilosort.io  DEBUG    GPU memory:   N/A
2026-04-16 13:49:37,613 kilosort.io  DEBUG    ********************************************************
2026-04-16 13:49:37,617 kilosort.io  DEBUG     
2026-04-16 13:49:37,617 kilosort.io  DEBUG    save_to_phy, est contam
2026-04-16 13:49:37,617 kilosort.io  DEBUG    ********************************************************
2026-04-16 13:49:37,617 kilosort.io  DEBUG    CPU usage:     0.00 %
2026-04-16 13:49:37,617 kilosort.io  DEBUG    Mem used:     46.70 %     |      29.73 GB
2026-04-16 13:49:37,618 kilosort.io  DEBUG    Mem avail:    34.00 / 63.73 GB
2026-04-16 13:49:37,618 kilosort.io  DEBUG    ------------------------------------------------------
2026-04-16 13:49:37,618 kilosort.io  DEBUG    GPU usage:    N/A
2026-04-16 13:49:37,618 kilosort.io  DEBUG    GPU memory:   N/A
2026-04-16 13:49:37,618 kilosort.io  DEBUG    ********************************************************
2026-04-16 13:49:37,620 kilosort.run_kilosort INFO     36 units found with good refractory periods
2026-04-16 13:49:37,621 kilosort.run_kilosort INFO     Exporting to Phy took: 0.12s
2026-04-16 13:49:37,621 kilosort.run_kilosort INFO     Total runtime: 42.55s = 00:00:43 h:m:s
2026-04-16 13:49:37,624 kilosort.run_kilosort INFO     Sorting output saved in: C:\Users\Joe\work\git-repos\course-ephys-osss\book\kilosort4_output\sorter_output.
2026-04-16 13:49:37,624 kilosort.run_kilosort INFO      
2026-04-16 13:49:37,624 kilosort.run_kilosort INFO     Resource usage after saving
2026-04-16 13:49:37,624 kilosort.run_kilosort INFO     ********************************************************
2026-04-16 13:49:37,624 kilosort.run_kilosort INFO     CPU usage:     0.00 %
2026-04-16 13:49:37,624 kilosort.run_kilosort INFO     Mem used:     46.70 %     |      29.73 GB
2026-04-16 13:49:37,624 kilosort.run_kilosort INFO     Mem avail:    34.00 / 63.73 GB
2026-04-16 13:49:37,624 kilosort.run_kilosort INFO     ------------------------------------------------------
2026-04-16 13:49:37,624 kilosort.run_kilosort INFO     GPU usage:    N/A
2026-04-16 13:49:37,624 kilosort.run_kilosort INFO     GPU memory:   N/A
2026-04-16 13:49:37,624 kilosort.run_kilosort INFO     ********************************************************
